<?xml version="1.0" encoding="UTF-8"?><testrun name="TestRunnerC" project="TestAutomationAss" tests="5" started="5" failures="0" errors="2" ignored="1">
  <testsuite name="com.test.TestRunnerC" time="6.632">
    <testsuite name="Feature: Close the Browser" time="0.008">
      <testsuite name="Scenario: Check open window is close or or not" time="0.003" incomplete="true">
        <error>java.lang.IllegalStateException: The path to the driver executable must be set by the webdriver.chrome.driver system property; for more information, see https://github.com/SeleniumHQ/selenium/wiki/ChromeDriver. The latest version can be downloaded from http://chromedriver.storage.googleapis.com/index.html&#13;
	at com.google.common.base.Preconditions.checkState(Preconditions.java:847)&#13;
	at org.openqa.selenium.remote.service.DriverService.findExecutable(DriverService.java:134)&#13;
	at org.openqa.selenium.chrome.ChromeDriverService.access$000(ChromeDriverService.java:35)&#13;
	at org.openqa.selenium.chrome.ChromeDriverService$Builder.findDefaultExecutable(ChromeDriverService.java:159)&#13;
	at org.openqa.selenium.remote.service.DriverService$Builder.build(DriverService.java:355)&#13;
	at org.openqa.selenium.chrome.ChromeDriverService.createDefaultService(ChromeDriverService.java:94)&#13;
	at org.openqa.selenium.chrome.ChromeDriver.&lt;init&gt;(ChromeDriver.java:123)&#13;
	at com.test.StepDefination.close_The_Open_Window(StepDefination.java:52)&#13;
	at ✽.Given Close The Open Window(FeatureFiles/CloseBrowser.feature:5)&#13;
&#13;
</error>
        <testcase name="Given Close The Open Window" classname="Scenario: Check open window is close or or not" time="0.002">
          <error>java.lang.IllegalStateException: The path to the driver executable must be set by the webdriver.chrome.driver system property; for more information, see https://github.com/SeleniumHQ/selenium/wiki/ChromeDriver. The latest version can be downloaded from http://chromedriver.storage.googleapis.com/index.html&#13;
	at com.google.common.base.Preconditions.checkState(Preconditions.java:847)&#13;
	at org.openqa.selenium.remote.service.DriverService.findExecutable(DriverService.java:134)&#13;
	at org.openqa.selenium.chrome.ChromeDriverService.access$000(ChromeDriverService.java:35)&#13;
	at org.openqa.selenium.chrome.ChromeDriverService$Builder.findDefaultExecutable(ChromeDriverService.java:159)&#13;
	at org.openqa.selenium.remote.service.DriverService$Builder.build(DriverService.java:355)&#13;
	at org.openqa.selenium.chrome.ChromeDriverService.createDefaultService(ChromeDriverService.java:94)&#13;
	at org.openqa.selenium.chrome.ChromeDriver.&lt;init&gt;(ChromeDriver.java:123)&#13;
	at com.test.StepDefination.close_The_Open_Window(StepDefination.java:52)&#13;
	at ✽.Given Close The Open Window(FeatureFiles/CloseBrowser.feature:5)&#13;
&#13;
</error>
        </testcase>
        <testcase name="Then Show The Message On Console" classname="Scenario: Check open window is close or or not" time="0.002" ignored="true"/>
      </testsuite>
    </testsuite>
    <testsuite name="Feature: Open URL of Application" time="0.248">
      <testsuite name="Scenario: Check given URL is open or not" time="0.248">
        <testcase name="Given Open the Chrome and launch the application" classname="Scenario: Check given URL is open or not" time="0.162"/>
        <testcase name="When Click on login link" classname="Scenario: Check given URL is open or not" time="0.017"/>
        <testcase name="Then Given Url should be open" classname="Scenario: Check given URL is open or not" time="0.069"/>
      </testsuite>
    </testsuite>
  </testsuite>
</testrun>
